-------------------------------------------------------------------------------
Test set: com.pepcus.apicrud.Crudapi1ApplicationTests
-------------------------------------------------------------------------------
Tests run: 1, Failures: 0, Errors: 1, Skipped: 0, Time elapsed: 4.598 s <<< FAILURE! - in com.pepcus.apicrud.Crudapi1ApplicationTests
contextLoads  Time elapsed: 0.013 s  <<< ERROR!
java.lang.IllegalStateException: Failed to load ApplicationContext
Caused by: org.springframework.beans.factory.BeanCreationException: Error creating bean with name 'entityManagerFactory' defined in class path resource [org/springframework/boot/autoconfigure/orm/jpa/HibernateJpaConfiguration.class]: Invocation of init method failed; nested exception is org.hibernate.DuplicateMappingException: Table [student_address] contains physical column name [student_id] referred to by multiple logical column names: [student_id], [studentId]
Caused by: org.hibernate.DuplicateMappingException: Table [student_address] contains physical column name [student_id] referred to by multiple logical column names: [student_id], [studentId]

